1617997356428:help
1617997364647:print-all-products
1617997372760:get-product
1617997422195:help
1617997426826:get-product
1617997450304:print-all
1617997452927:help
1617997455475:print
1617997460661:print-all-products
1617997464045:help
1617997467950:add-product
1617997480404:print-all-products
1617997487103:add-product
1617997492282:print-all-products
1617998202368:help
1617998208614:filter-by-price
1617998271205:help
1617998276259:filter-by-price
1617998488893:help
1617998495007:category-filtered-products
